<?xml version="1.0" encoding="UTF-8"?>
<!-- Generated by org.testng.reporters.JUnitXMLReporter -->
<testsuite hostname="DESKTOP-IGH64A7" name="Default test" tests="3" failures="0" timestamp="14 Mar 2018 05:10:03 GMT" time="106.504" errors="0">
  <testcase name="loginPageTitleTest" time="0.084" classname="com.crm.qa.testcases.LoginPageTest"/>
  <testcase name="crmLogoImageTest" time="0.208" classname="com.crm.qa.testcases.LoginPageTest"/>
  <testcase name="loginTest" time="13.117" classname="com.crm.qa.testcases.LoginPageTest"/>
</testsuite> <!-- Default test -->
