<?xml version="1.0" encoding="UTF-8"?>
<testng-results skipped="0" failed="0" ignored="0" total="13" passed="13">
  <reporter-output>
  </reporter-output>
  <suite name="CRM FREE Application Test Automation Suite" duration-ms="484764" started-at="2018-03-26T06:47:49Z" finished-at="2018-03-26T06:55:54Z">
    <groups>
    </groups>
    <test name="FREE CRM Application Test Cases" duration-ms="484764" started-at="2018-03-26T06:47:49Z" finished-at="2018-03-26T06:55:54Z">
      <class name="com.crm.qa.testcases.HomePageTest">
        <test-method status="PASS" signature="setUp()[pri:0, instance:com.crm.qa.testcases.HomePageTest@9f9fb0]" name="setUp" is-config="true" duration-ms="65669" started-at="2018-03-26T06:49:19Z" finished-at="2018-03-26T06:50:25Z">
          <reporter-output>
          </reporter-output>
        </test-method> <!-- setUp -->
        <test-method status="PASS" signature="verifyHomePageTileTest()[pri:1, instance:com.crm.qa.testcases.HomePageTest@9f9fb0]" name="verifyHomePageTileTest" duration-ms="22" started-at="2018-03-26T06:50:25Z" finished-at="2018-03-26T06:50:25Z">
          <reporter-output>
          </reporter-output>
        </test-method> <!-- verifyHomePageTileTest -->
        <test-method status="PASS" signature="tearDown()[pri:0, instance:com.crm.qa.testcases.HomePageTest@9f9fb0]" name="tearDown" is-config="true" duration-ms="3314" started-at="2018-03-26T06:50:25Z" finished-at="2018-03-26T06:50:28Z">
          <reporter-output>
          </reporter-output>
        </test-method> <!-- tearDown -->
        <test-method status="PASS" signature="setUp()[pri:0, instance:com.crm.qa.testcases.HomePageTest@9f9fb0]" name="setUp" is-config="true" duration-ms="41322" started-at="2018-03-26T06:51:27Z" finished-at="2018-03-26T06:52:08Z">
          <reporter-output>
          </reporter-output>
        </test-method> <!-- setUp -->
        <test-method status="PASS" signature="verifyUserNameTest()[pri:2, instance:com.crm.qa.testcases.HomePageTest@9f9fb0]" name="verifyUserNameTest" duration-ms="702" started-at="2018-03-26T06:52:08Z" finished-at="2018-03-26T06:52:09Z">
          <reporter-output>
          </reporter-output>
        </test-method> <!-- verifyUserNameTest -->
        <test-method status="PASS" signature="tearDown()[pri:0, instance:com.crm.qa.testcases.HomePageTest@9f9fb0]" name="tearDown" is-config="true" duration-ms="1562" started-at="2018-03-26T06:52:09Z" finished-at="2018-03-26T06:52:11Z">
          <reporter-output>
          </reporter-output>
        </test-method> <!-- tearDown -->
        <test-method status="PASS" signature="setUp()[pri:0, instance:com.crm.qa.testcases.HomePageTest@9f9fb0]" name="setUp" is-config="true" duration-ms="21136" started-at="2018-03-26T06:53:03Z" finished-at="2018-03-26T06:53:24Z">
          <reporter-output>
          </reporter-output>
        </test-method> <!-- setUp -->
        <test-method status="PASS" signature="verifyContactsLinkTest()[pri:3, instance:com.crm.qa.testcases.HomePageTest@9f9fb0]" name="verifyContactsLinkTest" duration-ms="434" started-at="2018-03-26T06:53:24Z" finished-at="2018-03-26T06:53:24Z">
          <reporter-output>
          </reporter-output>
        </test-method> <!-- verifyContactsLinkTest -->
        <test-method status="PASS" signature="tearDown()[pri:0, instance:com.crm.qa.testcases.HomePageTest@9f9fb0]" name="tearDown" is-config="true" duration-ms="1620" started-at="2018-03-26T06:53:24Z" finished-at="2018-03-26T06:53:26Z">
          <reporter-output>
          </reporter-output>
        </test-method> <!-- tearDown -->
      </class> <!-- com.crm.qa.testcases.HomePageTest -->
      <class name="com.crm.qa.testcases.ContactsPageTest">
        <test-method status="PASS" signature="setUp()[pri:0, instance:com.crm.qa.testcases.ContactsPageTest@96442d]" name="setUp" is-config="true" duration-ms="33572" started-at="2018-03-26T06:50:28Z" finished-at="2018-03-26T06:51:02Z">
          <reporter-output>
          </reporter-output>
        </test-method> <!-- setUp -->
        <test-method status="PASS" signature="verifyContactsLabelTest()[pri:1, instance:com.crm.qa.testcases.ContactsPageTest@96442d]" name="verifyContactsLabelTest" duration-ms="3069" started-at="2018-03-26T06:51:02Z" finished-at="2018-03-26T06:51:05Z">
          <reporter-output>
          </reporter-output>
        </test-method> <!-- verifyContactsLabelTest -->
        <test-method status="PASS" signature="tearDown()[pri:0, instance:com.crm.qa.testcases.ContactsPageTest@96442d]" name="tearDown" is-config="true" duration-ms="1343" started-at="2018-03-26T06:51:05Z" finished-at="2018-03-26T06:51:06Z">
          <reporter-output>
          </reporter-output>
        </test-method> <!-- tearDown -->
        <test-method status="PASS" signature="setUp()[pri:0, instance:com.crm.qa.testcases.ContactsPageTest@96442d]" name="setUp" is-config="true" duration-ms="26461" started-at="2018-03-26T06:52:11Z" finished-at="2018-03-26T06:52:37Z">
          <reporter-output>
          </reporter-output>
        </test-method> <!-- setUp -->
        <test-method status="PASS" signature="selectSingleContactsTest()[pri:2, instance:com.crm.qa.testcases.ContactsPageTest@96442d]" name="selectSingleContactsTest" duration-ms="2723" started-at="2018-03-26T06:52:37Z" finished-at="2018-03-26T06:52:40Z">
          <reporter-output>
          </reporter-output>
        </test-method> <!-- selectSingleContactsTest -->
        <test-method status="PASS" signature="tearDown()[pri:0, instance:com.crm.qa.testcases.ContactsPageTest@96442d]" name="tearDown" is-config="true" duration-ms="1057" started-at="2018-03-26T06:52:40Z" finished-at="2018-03-26T06:52:41Z">
          <reporter-output>
          </reporter-output>
        </test-method> <!-- tearDown -->
        <test-method status="PASS" signature="setUp()[pri:0, instance:com.crm.qa.testcases.ContactsPageTest@96442d]" name="setUp" is-config="true" duration-ms="24018" started-at="2018-03-26T06:53:26Z" finished-at="2018-03-26T06:53:50Z">
          <reporter-output>
          </reporter-output>
        </test-method> <!-- setUp -->
        <test-method status="PASS" signature="selectMultipleContactsTest()[pri:3, instance:com.crm.qa.testcases.ContactsPageTest@96442d]" name="selectMultipleContactsTest" duration-ms="2434" started-at="2018-03-26T06:53:50Z" finished-at="2018-03-26T06:53:53Z">
          <reporter-output>
          </reporter-output>
        </test-method> <!-- selectMultipleContactsTest -->
        <test-method status="PASS" signature="tearDown()[pri:0, instance:com.crm.qa.testcases.ContactsPageTest@96442d]" name="tearDown" is-config="true" duration-ms="990" started-at="2018-03-26T06:53:53Z" finished-at="2018-03-26T06:53:54Z">
          <reporter-output>
          </reporter-output>
        </test-method> <!-- tearDown -->
        <test-method status="PASS" signature="setUp()[pri:0, instance:com.crm.qa.testcases.ContactsPageTest@96442d]" name="setUp" is-config="true" duration-ms="19151" started-at="2018-03-26T06:54:02Z" finished-at="2018-03-26T06:54:21Z">
          <reporter-output>
          </reporter-output>
        </test-method> <!-- setUp -->
        <test-method status="PASS" signature="validateCreateNewContact(java.lang.String, java.lang.String, java.lang.String, java.lang.String)[pri:4, instance:com.crm.qa.testcases.ContactsPageTest@96442d]" name="validateCreateNewContact" duration-ms="11580" started-at="2018-03-26T06:54:21Z" data-provider="getCRMTestData" finished-at="2018-03-26T06:54:32Z">
          <params>
            <param index="0">
              <value>
                <![CDATA[Mr.]]>
              </value>
            </param>
            <param index="1">
              <value>
                <![CDATA[Tom]]>
              </value>
            </param>
            <param index="2">
              <value>
                <![CDATA[Peter]]>
              </value>
            </param>
            <param index="3">
              <value>
                <![CDATA[google]]>
              </value>
            </param>
          </params>
          <reporter-output>
          </reporter-output>
        </test-method> <!-- validateCreateNewContact -->
        <test-method status="PASS" signature="tearDown()[pri:0, instance:com.crm.qa.testcases.ContactsPageTest@96442d]" name="tearDown" is-config="true" duration-ms="983" started-at="2018-03-26T06:54:32Z" finished-at="2018-03-26T06:54:33Z">
          <reporter-output>
          </reporter-output>
        </test-method> <!-- tearDown -->
        <test-method status="PASS" signature="setUp()[pri:0, instance:com.crm.qa.testcases.ContactsPageTest@96442d]" name="setUp" is-config="true" duration-ms="21278" started-at="2018-03-26T06:54:33Z" finished-at="2018-03-26T06:54:55Z">
          <reporter-output>
          </reporter-output>
        </test-method> <!-- setUp -->
        <test-method status="PASS" signature="validateCreateNewContact(java.lang.String, java.lang.String, java.lang.String, java.lang.String)[pri:4, instance:com.crm.qa.testcases.ContactsPageTest@96442d]" name="validateCreateNewContact" duration-ms="4839" started-at="2018-03-26T06:54:55Z" data-provider="getCRMTestData" finished-at="2018-03-26T06:54:59Z">
          <params>
            <param index="0">
              <value>
                <![CDATA[Dr.]]>
              </value>
            </param>
            <param index="1">
              <value>
                <![CDATA[Manish]]>
              </value>
            </param>
            <param index="2">
              <value>
                <![CDATA[Tiwari]]>
              </value>
            </param>
            <param index="3">
              <value>
                <![CDATA[Appolo]]>
              </value>
            </param>
          </params>
          <reporter-output>
          </reporter-output>
        </test-method> <!-- validateCreateNewContact -->
        <test-method status="PASS" signature="tearDown()[pri:0, instance:com.crm.qa.testcases.ContactsPageTest@96442d]" name="tearDown" is-config="true" duration-ms="1616" started-at="2018-03-26T06:54:59Z" finished-at="2018-03-26T06:55:01Z">
          <reporter-output>
          </reporter-output>
        </test-method> <!-- tearDown -->
        <test-method status="PASS" signature="setUp()[pri:0, instance:com.crm.qa.testcases.ContactsPageTest@96442d]" name="setUp" is-config="true" duration-ms="22898" started-at="2018-03-26T06:55:01Z" finished-at="2018-03-26T06:55:24Z">
          <reporter-output>
          </reporter-output>
        </test-method> <!-- setUp -->
        <test-method status="PASS" signature="validateCreateNewContact(java.lang.String, java.lang.String, java.lang.String, java.lang.String)[pri:4, instance:com.crm.qa.testcases.ContactsPageTest@96442d]" name="validateCreateNewContact" duration-ms="4677" started-at="2018-03-26T06:55:24Z" data-provider="getCRMTestData" finished-at="2018-03-26T06:55:29Z">
          <params>
            <param index="0">
              <value>
                <![CDATA[Mrs.]]>
              </value>
            </param>
            <param index="1">
              <value>
                <![CDATA[Mahima]]>
              </value>
            </param>
            <param index="2">
              <value>
                <![CDATA[Lodaya]]>
              </value>
            </param>
            <param index="3">
              <value>
                <![CDATA[Ebay]]>
              </value>
            </param>
          </params>
          <reporter-output>
          </reporter-output>
        </test-method> <!-- validateCreateNewContact -->
        <test-method status="PASS" signature="tearDown()[pri:0, instance:com.crm.qa.testcases.ContactsPageTest@96442d]" name="tearDown" is-config="true" duration-ms="939" started-at="2018-03-26T06:55:29Z" finished-at="2018-03-26T06:55:30Z">
          <reporter-output>
          </reporter-output>
        </test-method> <!-- tearDown -->
        <test-method status="PASS" signature="setUp()[pri:0, instance:com.crm.qa.testcases.ContactsPageTest@96442d]" name="setUp" is-config="true" duration-ms="18375" started-at="2018-03-26T06:55:30Z" finished-at="2018-03-26T06:55:48Z">
          <reporter-output>
          </reporter-output>
        </test-method> <!-- setUp -->
        <test-method status="PASS" signature="validateCreateNewContact(java.lang.String, java.lang.String, java.lang.String, java.lang.String)[pri:4, instance:com.crm.qa.testcases.ContactsPageTest@96442d]" name="validateCreateNewContact" duration-ms="4657" started-at="2018-03-26T06:55:48Z" data-provider="getCRMTestData" finished-at="2018-03-26T06:55:53Z">
          <params>
            <param index="0">
              <value>
                <![CDATA[Mr.]]>
              </value>
            </param>
            <param index="1">
              <value>
                <![CDATA[Ajith]]>
              </value>
            </param>
            <param index="2">
              <value>
                <![CDATA[Reddy]]>
              </value>
            </param>
            <param index="3">
              <value>
                <![CDATA[Softonic]]>
              </value>
            </param>
          </params>
          <reporter-output>
          </reporter-output>
        </test-method> <!-- validateCreateNewContact -->
        <test-method status="PASS" signature="tearDown()[pri:0, instance:com.crm.qa.testcases.ContactsPageTest@96442d]" name="tearDown" is-config="true" duration-ms="1346" started-at="2018-03-26T06:55:53Z" finished-at="2018-03-26T06:55:54Z">
          <reporter-output>
          </reporter-output>
        </test-method> <!-- tearDown -->
      </class> <!-- com.crm.qa.testcases.ContactsPageTest -->
      <class name="com.crm.qa.testcases.LoginPageTest">
        <test-method status="PASS" signature="setUp()[pri:0, instance:com.crm.qa.testcases.LoginPageTest@135b478]" name="setUp" is-config="true" duration-ms="85902" started-at="2018-03-26T06:47:49Z" finished-at="2018-03-26T06:49:15Z">
          <reporter-output>
          </reporter-output>
        </test-method> <!-- setUp -->
        <test-method status="PASS" signature="loginPageTitleTest()[pri:1, instance:com.crm.qa.testcases.LoginPageTest@135b478]" name="loginPageTitleTest" duration-ms="665" started-at="2018-03-26T06:49:15Z" finished-at="2018-03-26T06:49:16Z">
          <reporter-output>
          </reporter-output>
        </test-method> <!-- loginPageTitleTest -->
        <test-method status="PASS" signature="tearDown()[pri:0, instance:com.crm.qa.testcases.LoginPageTest@135b478]" name="tearDown" is-config="true" duration-ms="3336" started-at="2018-03-26T06:49:16Z" finished-at="2018-03-26T06:49:19Z">
          <reporter-output>
          </reporter-output>
        </test-method> <!-- tearDown -->
        <test-method status="PASS" signature="setUp()[pri:0, instance:com.crm.qa.testcases.LoginPageTest@135b478]" name="setUp" is-config="true" duration-ms="16721" started-at="2018-03-26T06:51:06Z" finished-at="2018-03-26T06:51:23Z">
          <reporter-output>
          </reporter-output>
        </test-method> <!-- setUp -->
        <test-method status="PASS" signature="crmLogoImageTest()[pri:2, instance:com.crm.qa.testcases.LoginPageTest@135b478]" name="crmLogoImageTest" duration-ms="351" started-at="2018-03-26T06:51:23Z" finished-at="2018-03-26T06:51:23Z">
          <reporter-output>
          </reporter-output>
        </test-method> <!-- crmLogoImageTest -->
        <test-method status="PASS" signature="tearDown()[pri:0, instance:com.crm.qa.testcases.LoginPageTest@135b478]" name="tearDown" is-config="true" duration-ms="3790" started-at="2018-03-26T06:51:23Z" finished-at="2018-03-26T06:51:27Z">
          <reporter-output>
          </reporter-output>
        </test-method> <!-- tearDown -->
        <test-method status="PASS" signature="setUp()[pri:0, instance:com.crm.qa.testcases.LoginPageTest@135b478]" name="setUp" is-config="true" duration-ms="12009" started-at="2018-03-26T06:52:41Z" finished-at="2018-03-26T06:52:53Z">
          <reporter-output>
          </reporter-output>
        </test-method> <!-- setUp -->
        <test-method status="PASS" signature="loginTest()[pri:3, instance:com.crm.qa.testcases.LoginPageTest@135b478]" name="loginTest" duration-ms="8880" started-at="2018-03-26T06:52:53Z" finished-at="2018-03-26T06:53:02Z">
          <reporter-output>
          </reporter-output>
        </test-method> <!-- loginTest -->
        <test-method status="PASS" signature="tearDown()[pri:0, instance:com.crm.qa.testcases.LoginPageTest@135b478]" name="tearDown" is-config="true" duration-ms="1032" started-at="2018-03-26T06:53:02Z" finished-at="2018-03-26T06:53:03Z">
          <reporter-output>
          </reporter-output>
        </test-method> <!-- tearDown -->
      </class> <!-- com.crm.qa.testcases.LoginPageTest -->
    </test> <!-- FREE CRM Application Test Cases -->
  </suite> <!-- CRM FREE Application Test Automation Suite -->
</testng-results>
