<?xml version="1.0" encoding="UTF-8"?>
<!-- Generated by org.testng.reporters.JUnitXMLReporter -->
<testsuite hostname="DESKTOP-IGH64A7" name="FREE CRM Application Test Cases" tests="13" failures="0" timestamp="22 Mar 2018 12:58:01 GMT" time="414.289" errors="0">
  <testcase name="loginPageTitleTest" time="0.242" classname="com.crm.qa.testcases.LoginPageTest"/>
  <testcase name="crmLogoImageTest" time="0.645" classname="com.crm.qa.testcases.LoginPageTest"/>
  <testcase name="loginTest" time="16.199" classname="com.crm.qa.testcases.LoginPageTest"/>
  <testcase name="verifyHomePageTileTest" time="0.047" classname="com.crm.qa.testcases.HomePageTest"/>
  <testcase name="verifyUserNameTest" time="0.398" classname="com.crm.qa.testcases.HomePageTest"/>
  <testcase name="verifyContactsLinkTest" time="1.019" classname="com.crm.qa.testcases.HomePageTest"/>
  <testcase name="verifyContactsLabelTest" time="2.43" classname="com.crm.qa.testcases.ContactsPageTest"/>
  <testcase name="selectSingleContactsTest" time="2.671" classname="com.crm.qa.testcases.ContactsPageTest"/>
  <testcase name="selectMultipleContactsTest" time="3.217" classname="com.crm.qa.testcases.ContactsPageTest"/>
  <testcase name="validateCreateNewContact" time="5.599" classname="com.crm.qa.testcases.ContactsPageTest"/>
  <testcase name="validateCreateNewContact" time="4.771" classname="com.crm.qa.testcases.ContactsPageTest"/>
  <testcase name="validateCreateNewContact" time="4.666" classname="com.crm.qa.testcases.ContactsPageTest"/>
  <testcase name="validateCreateNewContact" time="4.584" classname="com.crm.qa.testcases.ContactsPageTest"/>
</testsuite> <!-- FREE CRM Application Test Cases -->
